<?xml version="1.0" encoding="UTF-8"?>
<!-- Generated by org.testng.reporters.JUnitXMLReporter -->
<testsuite ignored="0" hostname="DESKTOP-HSE9EN4" failures="0" tests="6" name="Test" time="46.207" errors="0" timestamp="2023-07-31T12:35:35 IST">
  <testcase classname="TestLayer.RegisterPageTest" name="validateContactInformation" time="5.877"/>
  <testcase classname="TestLayer.RegisterSuccessTest" name="validateSuccessPageUrl" time="0.118"/>
  <testcase classname="TestLayer.RegisterSuccessTest" name="clickOntheSignUpLinkInSuccessPage" time="0.435"/>
  <testcase classname="TestLayer.LoginPageTest" name="validateUserLoginFunctionality" time="15.63"/>
  <testcase classname="TestLayer.LoginPageTest" name="validateLoginpageFunctionality" time="0.026"/>
  <testcase classname="TestLayer.LoginSucessPageTest" name="validateLoginSucess" time="0.049"/>
</testsuite> <!-- Test -->
