<?xml version="1.0" encoding="UTF-8"?>
<testng-results ignored="0" total="6" passed="6" failed="0" skipped="0">
  <reporter-output>
  </reporter-output>
  <suite started-at="2023-07-31T12:34:48 IST" name="Suite" finished-at="2023-07-31T12:35:35 IST" duration-ms="46207">
    <groups>
    </groups>
    <test started-at="2023-07-31T12:34:48 IST" name="Test" finished-at="2023-07-31T12:35:35 IST" duration-ms="46207">
      <class name="TestLayer.RegisterSuccessTest">
        <test-method signature="validateSuccessPageUrl()[pri:2, instance:TestLayer.RegisterSuccessTest@6b2ea799]" started-at="2023-07-31T12:35:18 IST" name="validateSuccessPageUrl" finished-at="2023-07-31T12:35:18 IST" duration-ms="118" status="PASS">
          <reporter-output>
          </reporter-output>
        </test-method> <!-- validateSuccessPageUrl -->
        <test-method signature="clickOntheSignUpLinkInSuccessPage()[pri:3, instance:TestLayer.RegisterSuccessTest@6b2ea799]" started-at="2023-07-31T12:35:18 IST" name="clickOntheSignUpLinkInSuccessPage" finished-at="2023-07-31T12:35:19 IST" duration-ms="435" status="PASS">
          <reporter-output>
          </reporter-output>
        </test-method> <!-- clickOntheSignUpLinkInSuccessPage -->
      </class> <!-- TestLayer.RegisterSuccessTest -->
      <class name="TestLayer.LoginSucessPageTest">
        <test-method signature="validateLoginSucess()[pri:6, instance:TestLayer.LoginSucessPageTest@2b71e916]" started-at="2023-07-31T12:35:35 IST" name="validateLoginSucess" finished-at="2023-07-31T12:35:35 IST" duration-ms="49" status="PASS">
          <reporter-output>
          </reporter-output>
        </test-method> <!-- validateLoginSucess -->
      </class> <!-- TestLayer.LoginSucessPageTest -->
      <class name="TestLayer.LoginPageTest">
        <test-method signature="validateUserLoginFunctionality()[pri:4, instance:TestLayer.LoginPageTest@411f53a0]" started-at="2023-07-31T12:35:19 IST" name="validateUserLoginFunctionality" finished-at="2023-07-31T12:35:35 IST" duration-ms="15630" status="PASS">
          <reporter-output>
          </reporter-output>
        </test-method> <!-- validateUserLoginFunctionality -->
        <test-method signature="validateLoginpageFunctionality()[pri:5, instance:TestLayer.LoginPageTest@411f53a0]" started-at="2023-07-31T12:35:35 IST" name="validateLoginpageFunctionality" finished-at="2023-07-31T12:35:35 IST" duration-ms="26" status="PASS">
          <reporter-output>
          </reporter-output>
        </test-method> <!-- validateLoginpageFunctionality -->
      </class> <!-- TestLayer.LoginPageTest -->
      <class name="TestLayer.RegisterPageTest">
        <test-method is-config="true" signature="setup()[pri:0, instance:TestLayer.RegisterPageTest@443118b0]" started-at="2023-07-31T12:34:48 IST" name="setup" finished-at="2023-07-31T12:35:12 IST" duration-ms="23985" status="PASS">
          <reporter-output>
          </reporter-output>
        </test-method> <!-- setup -->
        <test-method signature="validateContactInformation()[pri:1, instance:TestLayer.RegisterPageTest@443118b0]" started-at="2023-07-31T12:35:12 IST" name="validateContactInformation" finished-at="2023-07-31T12:35:18 IST" duration-ms="5877" status="PASS">
          <reporter-output>
          </reporter-output>
        </test-method> <!-- validateContactInformation -->
        <test-method is-config="true" signature="tearDown()[pri:0, instance:TestLayer.RegisterPageTest@443118b0]" started-at="2023-07-31T12:35:35 IST" name="tearDown" finished-at="2023-07-31T12:35:35 IST" duration-ms="1" status="PASS">
          <reporter-output>
          </reporter-output>
        </test-method> <!-- tearDown -->
      </class> <!-- TestLayer.RegisterPageTest -->
    </test> <!-- Test -->
  </suite> <!-- Suite -->
</testng-results>
